{
  "stats": {
    "suites": 1,
    "tests": 6,
    "passes": 4,
    "pending": 0,
    "failures": 2,
    "start": "2024-10-28T19:30:29.593Z",
    "end": "2024-10-28T19:34:20.036Z",
    "duration": 230443,
    "testsRegistered": 6,
    "passPercent": 66.66666666666666,
    "pendingPercent": 0,
    "other": 0,
    "hasOther": false,
    "skipped": 0,
    "hasSkipped": false
  },
  "results": [
    {
      "uuid": "a8594a98-0ff8-4188-a2e9-9baf090030aa",
      "title": "",
      "fullFile": "cypress\\e2e\\spec.cy.js",
      "file": "cypress\\e2e\\spec.cy.js",
      "beforeHooks": [],
      "afterHooks": [],
      "tests": [],
      "suites": [
        {
          "uuid": "3625f10e-6422-4851-a4a7-d46345fe98eb",
          "title": "Testes de funcionalidade para o site OpenLibrary",
          "fullFile": "",
          "file": "",
          "beforeHooks": [],
          "afterHooks": [],
          "tests": [
            {
              "title": "1. Validação de Pesquisa de Livro",
              "fullTitle": "Testes de funcionalidade para o site OpenLibrary 1. Validação de Pesquisa de Livro",
              "timedOut": null,
              "duration": 11018,
              "state": "passed",
              "speed": "slow",
              "pass": true,
              "fail": false,
              "pending": false,
              "context": null,
              "code": "cy.get('input[type=\"text\"]').type('Harry Potter');\ncy.get('.search-bar-submit').click();\ncy.url().should('include', '/search?q=Harry+Potter');\ncy.get('.searchResultItem').should('contain', 'Harry Potter');",
              "err": {},
              "uuid": "51989ed1-d9ff-4017-91d2-947007779909",
              "parentUUID": "3625f10e-6422-4851-a4a7-d46345fe98eb",
              "isHook": false,
              "skipped": false
            },
            {
              "title": "2. Navegação para a Página de Login",
              "fullTitle": "Testes de funcionalidade para o site OpenLibrary 2. Navegação para a Página de Login",
              "timedOut": null,
              "duration": 46325,
              "state": "passed",
              "speed": "slow",
              "pass": true,
              "fail": false,
              "pending": false,
              "context": null,
              "code": "cy.contains('Log In').click();\ncy.url().should('include', '/account/login');\ncy.get('form').should('contain', 'Email').and('contain', 'Password');",
              "err": {},
              "uuid": "a8a3f329-cd65-4c1c-8e08-2c43376781da",
              "parentUUID": "3625f10e-6422-4851-a4a7-d46345fe98eb",
              "isHook": false,
              "skipped": false
            },
            {
              "title": "3. Cadastro de Conta Nova Sem Email - Campos Obrigatórios (Caso Negativo)",
              "fullTitle": "Testes de funcionalidade para o site OpenLibrary 3. Cadastro de Conta Nova Sem Email - Campos Obrigatórios (Caso Negativo)",
              "timedOut": null,
              "duration": 49639,
              "state": "failed",
              "speed": null,
              "pass": false,
              "fail": true,
              "pending": false,
              "context": null,
              "code": "cy.visit('https://openlibrary.org/account/create');\ncy.get('input[name=\"username\"]').type('NovoUsuario');\ncy.get('button[type=\"submit\"]').click();\ncy.get('.error').should('contain', 'Email is required').and('contain', 'Password is required');",
              "err": {
                "message": "AssertionError: Timed out retrying after 4000ms: expected '<div.info.ol-signup-form__info-box.error>' to contain 'Email is required'",
                "estack": "AssertionError: Timed out retrying after 4000ms: expected '<div.info.ol-signup-form__info-box.error>' to contain 'Email is required'\n    at Context.eval (webpack:///./cypress/e2e/spec.cy.js:26:21)",
                "diff": null
              },
              "uuid": "5b65d59e-33f1-4ead-a556-a700f387b58b",
              "parentUUID": "3625f10e-6422-4851-a4a7-d46345fe98eb",
              "isHook": false,
              "skipped": false
            },
            {
              "title": "4. Validação de Livro Específico",
              "fullTitle": "Testes de funcionalidade para o site OpenLibrary 4. Validação de Livro Específico",
              "timedOut": null,
              "duration": 16281,
              "state": "passed",
              "speed": "slow",
              "pass": true,
              "fail": false,
              "pending": false,
              "context": null,
              "code": "cy.get('input[type=\"text\"]').type('The War of the Worlds');\ncy.get('.search-bar-submit').click();\ncy.get(':nth-child(1) > .sri__main > .details > .resultTitle > .booktitle > .results').click();\ncy.url().should('include', '/works/');\ncy.get('h1').should('contain', 'The war of the worlds');",
              "err": {},
              "uuid": "aae20af7-9954-4cca-86b5-dbcd8ead5109",
              "parentUUID": "3625f10e-6422-4851-a4a7-d46345fe98eb",
              "isHook": false,
              "skipped": false
            },
            {
              "title": "5. Validação de Responsividade",
              "fullTitle": "Testes de funcionalidade para o site OpenLibrary 5. Validação de Responsividade",
              "timedOut": null,
              "duration": 7747,
              "state": "passed",
              "speed": "medium",
              "pass": true,
              "fail": false,
              "pending": false,
              "context": null,
              "code": "cy.viewport(768, 1024);\ncy.get('input[type=\"text\"]').type('Science Fiction');\ncy.get('.search-bar-submit').click();\ncy.get('.searchResultItem').should('be.visible');",
              "err": {},
              "uuid": "fbc5ff34-1175-4da1-b593-3a5f158d1bc4",
              "parentUUID": "3625f10e-6422-4851-a4a7-d46345fe98eb",
              "isHook": false,
              "skipped": false
            },
            {
              "title": "6. Login com Credenciais Inválidas (Caso Negativo)",
              "fullTitle": "Testes de funcionalidade para o site OpenLibrary 6. Login com Credenciais Inválidas (Caso Negativo)",
              "timedOut": null,
              "duration": 96170,
              "state": "failed",
              "speed": null,
              "pass": false,
              "fail": true,
              "pending": false,
              "context": null,
              "code": "cy.contains('Log In').click();\ncy.get('input[name=\"username\"]').type('usuarioinvalido@example.com');\ncy.get('input[name=\"password\"]').type('senhaerrada');\ncy.get('button[type=\"submit\"]').click();\ncy.get('.error').should('contain', 'Invalid username or password');",
              "err": {
                "message": "AssertionError: Timed out retrying after 4000ms: expected '<div.info.ol-signup-form__info-box.error>' to contain 'Invalid username or password'",
                "estack": "AssertionError: Timed out retrying after 4000ms: expected '<div.info.ol-signup-form__info-box.error>' to contain 'Invalid username or password'\n    at Context.eval (webpack:///./cypress/e2e/spec.cy.js:49:21)",
                "diff": null
              },
              "uuid": "b0e95160-91e0-4802-9894-d4decdfbd9ba",
              "parentUUID": "3625f10e-6422-4851-a4a7-d46345fe98eb",
              "isHook": false,
              "skipped": false
            }
          ],
          "suites": [],
          "passes": [
            "51989ed1-d9ff-4017-91d2-947007779909",
            "a8a3f329-cd65-4c1c-8e08-2c43376781da",
            "aae20af7-9954-4cca-86b5-dbcd8ead5109",
            "fbc5ff34-1175-4da1-b593-3a5f158d1bc4"
          ],
          "failures": [
            "5b65d59e-33f1-4ead-a556-a700f387b58b",
            "b0e95160-91e0-4802-9894-d4decdfbd9ba"
          ],
          "pending": [],
          "skipped": [],
          "duration": 227180,
          "root": false,
          "rootEmpty": false,
          "_timeout": 2000
        }
      ],
      "passes": [],
      "failures": [],
      "pending": [],
      "skipped": [],
      "duration": 0,
      "root": true,
      "rootEmpty": true,
      "_timeout": 2000
    }
  ],
  "meta": {
    "mocha": {
      "version": "7.0.1"
    },
    "mochawesome": {
      "options": {
        "quiet": false,
        "reportFilename": "mochawesome",
        "saveHtml": true,
        "saveJson": true,
        "consoleReporter": "spec",
        "useInlineDiffs": false,
        "code": true
      },
      "version": "7.1.3"
    },
    "marge": {
      "options": {
        "reportDir": "mochawesome-report",
        "overwrite": false,
        "html": true,
        "json": true
      },
      "version": "6.2.0"
    }
  }
}